<?xml version="1.0" encoding="UTF-8"?>
<testsuite xmlns:xsi="http://www.w3.org/2001/XMLSchema-instance" xsi:noNamespaceSchemaLocation="https://maven.apache.org/surefire/maven-surefire-plugin/xsd/surefire-test-report-3.0.xsd" version="3.0" name="com.example.chequeprocessing.IntegrationTest" time="5.947" tests="3" errors="0" skipped="0" failures="1">
  <properties>
[...]
</properties>
  <testcase name="reject_stale_cheque_over_6_months" classname="com.example.chequeprocessing.IntegrationTest" time="1.1">
    <system-out><![CDATA[15:25:39.870 [main] INFO org.springframework.test.context.support.AnnotationConfigContextLoaderUtils -- Could not detect default configuration classes for test class [com.example.chequeprocessing.IntegrationTest]: IntegrationTest does not declare any static, non-private, non-final, nested classes annotated with @Configuration.
15:25:39.960 [main] INFO org.springframework.boot.test.context.SpringBootTestContextBootstrapper -- Found @SpringBootConfiguration com.example.chequeprocessing.ChequeProcessingApplication for test class com.example.chequeprocessing.IntegrationTest

  .   ____          _            __ _ _
 /\\ / ___'_ __ _ _(_)_ __  __ _ \ \ \ \
( ( )\___ | '_ | '_| | '_ \/ _` | \ \ \ \
 \\/  ___)| |_)| | | | | || (_| |  ) ) ) )
  '  |____| .__|_| |_|_| |_\__, | / / / /
 =========|_|==============|___/=/_/_/_/

 :: Spring Boot ::                (v3.3.3)

2025-09-26T15:25:40.860+03:30  INFO 15093 --- [           main] c.e.chequeprocessing.IntegrationTest     : Starting IntegrationTest using Java 25 with PID 15093 (started by sadrakhdz in /Users/sadrakhdz/Desktop/tata-assignment)
2025-09-26T15:25:40.861+03:30  INFO 15093 --- [           main] c.e.chequeprocessing.IntegrationTest     : No active profile set, falling back to 1 default profile: "default"
2025-09-26T15:25:41.304+03:30  INFO 15093 --- [           main] .s.d.r.c.RepositoryConfigurationDelegate : Bootstrapping Spring Data JPA repositories in DEFAULT mode.
2025-09-26T15:25:41.343+03:30  INFO 15093 --- [           main] .s.d.r.c.RepositoryConfigurationDelegate : Finished Spring Data repository scanning in 32 ms. Found 3 JPA repository interfaces.
2025-09-26T15:25:41.785+03:30  INFO 15093 --- [           main] o.s.b.w.embedded.tomcat.TomcatWebServer  : Tomcat initialized with port 0 (http)
2025-09-26T15:25:41.796+03:30  INFO 15093 --- [           main] o.apache.catalina.core.StandardService   : Starting service [Tomcat]
2025-09-26T15:25:41.796+03:30  INFO 15093 --- [           main] o.apache.catalina.core.StandardEngine    : Starting Servlet engine: [Apache Tomcat/10.1.28]
2025-09-26T15:25:41.832+03:30  INFO 15093 --- [           main] o.a.c.c.C.[Tomcat].[localhost].[/]       : Initializing Spring embedded WebApplicationContext
2025-09-26T15:25:41.833+03:30  INFO 15093 --- [           main] w.s.c.ServletWebServerApplicationContext : Root WebApplicationContext: initialization completed in 953 ms
2025-09-26T15:25:41.858+03:30  INFO 15093 --- [           main] com.zaxxer.hikari.HikariDataSource       : HikariPool-1 - Starting...
2025-09-26T15:25:42.129+03:30  INFO 15093 --- [           main] com.zaxxer.hikari.pool.HikariPool        : HikariPool-1 - Added connection conn0: url=jdbc:h2:mem:cheques user=SA
2025-09-26T15:25:42.130+03:30  INFO 15093 --- [           main] com.zaxxer.hikari.HikariDataSource       : HikariPool-1 - Start completed.
2025-09-26T15:25:42.138+03:30  INFO 15093 --- [           main] o.s.b.a.h2.H2ConsoleAutoConfiguration    : H2 console available at '/h2'. Database available at 'jdbc:h2:mem:cheques'
2025-09-26T15:25:42.251+03:30  INFO 15093 --- [           main] o.hibernate.jpa.internal.util.LogHelper  : HHH000204: Processing PersistenceUnitInfo [name: default]
2025-09-26T15:25:42.288+03:30  INFO 15093 --- [           main] org.hibernate.Version                    : HHH000412: Hibernate ORM core version 6.5.2.Final
2025-09-26T15:25:42.314+03:30  INFO 15093 --- [           main] o.h.c.internal.RegionFactoryInitiator    : HHH000026: Second-level cache disabled
2025-09-26T15:25:42.591+03:30  INFO 15093 --- [           main] o.s.o.j.p.SpringPersistenceUnitInfo      : No LoadTimeWeaver setup: ignoring JPA class transformer
2025-09-26T15:25:43.305+03:30  INFO 15093 --- [           main] o.h.e.t.j.p.i.JtaPlatformInitiator       : HHH000489: No JTA platform available (set 'hibernate.transaction.jta.platform' to enable JTA platform integration)
Hibernate: 
    create table account (
        id bigint generated by default as identity,
        balance numeric(38,2) not null,
        status enum ('ACTIVE','BLOCKED') not null,
        primary key (id)
    )
Hibernate: 
    create table bounce_record (
        id bigint generated by default as identity,
        date date not null,
        reason varchar(255) not null,
        cheque_id bigint not null,
        primary key (id)
    )
Hibernate: 
    create table cheque (
        id bigint generated by default as identity,
        amount numeric(38,2) not null,
        issue_date date not null,
        number varchar(255) not null,
        status enum ('BOUNCED','ISSUED','PAID') not null,
        drawer_id bigint not null,
        primary key (id)
    )
Hibernate: 
    alter table if exists cheque 
       drop constraint if exists UK6y33gyvotb741hg5ugr7r0j8e
Hibernate: 
    alter table if exists cheque 
       add constraint UK6y33gyvotb741hg5ugr7r0j8e unique (number)
Hibernate: 
    alter table if exists bounce_record 
       add constraint FKtbnwed2819gjm4bpf3go0u6ea 
       foreign key (cheque_id) 
       references cheque
Hibernate: 
    alter table if exists cheque 
       add constraint FK26slmtw4ewk8l7htwlkl229wc 
       foreign key (drawer_id) 
       references account
2025-09-26T15:25:43.351+03:30  INFO 15093 --- [           main] j.LocalContainerEntityManagerFactoryBean : Initialized JPA EntityManagerFactory for persistence unit 'default'
2025-09-26T15:25:43.619+03:30  INFO 15093 --- [           main] o.s.d.j.r.query.QueryEnhancerFactory     : Hibernate is in classpath; If applicable, HQL parser will be used.
2025-09-26T15:25:43.880+03:30  WARN 15093 --- [           main] JpaBaseConfiguration$JpaWebConfiguration : spring.jpa.open-in-view is enabled by default. Therefore, database queries may be performed during view rendering. Explicitly configure spring.jpa.open-in-view to disable this warning
2025-09-26T15:25:44.007+03:30  INFO 15093 --- [           main] r$InitializeUserDetailsManagerConfigurer : Global AuthenticationManager configured with UserDetailsService bean with name userDetailsService
2025-09-26T15:25:44.346+03:30  INFO 15093 --- [           main] o.s.b.w.embedded.tomcat.TomcatWebServer  : Tomcat started on port 61288 (http) with context path '/'
2025-09-26T15:25:44.353+03:30  INFO 15093 --- [           main] c.e.chequeprocessing.IntegrationTest     : Started IntegrationTest in 4.309 seconds (process running for 5.304)
Hibernate: 
    select
        count(*) 
    from
        account a1_0
Hibernate: 
    insert 
    into
        account
        (balance, status, id) 
    values
        (?, ?, default)
Hibernate: 
    insert 
    into
        account
        (balance, status, id) 
    values
        (?, ?, default)
Hibernate: 
    select
        a1_0.id,
        a1_0.balance,
        a1_0.status 
    from
        account a1_0
2025-09-26T15:25:45.002+03:30  INFO 15093 --- [o-auto-1-exec-1] o.a.c.c.C.[Tomcat].[localhost].[/]       : Initializing Spring DispatcherServlet 'dispatcherServlet'
2025-09-26T15:25:45.002+03:30  INFO 15093 --- [o-auto-1-exec-1] o.s.web.servlet.DispatcherServlet        : Initializing Servlet 'dispatcherServlet'
2025-09-26T15:25:45.003+03:30  INFO 15093 --- [o-auto-1-exec-1] o.s.web.servlet.DispatcherServlet        : Completed initialization in 1 ms
Hibernate: 
    select
        a1_0.id,
        a1_0.balance,
        a1_0.status 
    from
        account a1_0 
    where
        a1_0.id=?
Hibernate: 
    insert 
    into
        cheque
        (amount, drawer_id, issue_date, number, status, id) 
    values
        (?, ?, ?, ?, ?, default)
Hibernate: 
    select
        c1_0.id,
        c1_0.amount,
        c1_0.drawer_id,
        c1_0.issue_date,
        c1_0.number,
        c1_0.status 
    from
        cheque c1_0 
    where
        c1_0.id=?
Hibernate: 
    select
        c1_0.id,
        c1_0.amount,
        c1_0.drawer_id,
        c1_0.issue_date,
        c1_0.number,
        c1_0.status 
    from
        cheque c1_0 
    where
        c1_0.id=?
Hibernate: 
    update
        cheque 
    set
        amount=?,
        drawer_id=?,
        issue_date=?,
        number=?,
        status=? 
    where
        id=?
Hibernate: 
    select
        c1_0.id,
        c1_0.amount,
        c1_0.drawer_id,
        c1_0.issue_date,
        c1_0.number,
        c1_0.status 
    from
        cheque c1_0 
    where
        c1_0.id=?
]]></system-out>
    <system-err><![CDATA[WARNING: A Java agent has been loaded dynamically (/Users/sadrakhdz/.m2/repository/net/bytebuddy/byte-buddy-agent/1.14.19/byte-buddy-agent-1.14.19.jar)
WARNING: If a serviceability tool is in use, please run with -XX:+EnableDynamicAgentLoading to hide this warning
WARNING: If a serviceability tool is not in use, please run with -Djdk.instrument.traceUsage for more information
WARNING: Dynamic loading of agents will be disallowed by default in a future release
]]></system-err>
  </testcase>
  <testcase name="issue_then_present_paid" classname="com.example.chequeprocessing.IntegrationTest" time="0.069">
    <system-out><![CDATA[Hibernate: 
    select
        a1_0.id,
        a1_0.balance,
        a1_0.status 
    from
        account a1_0
Hibernate: 
    select
        a1_0.id,
        a1_0.balance,
        a1_0.status 
    from
        account a1_0 
    where
        a1_0.id=?
Hibernate: 
    insert 
    into
        cheque
        (amount, drawer_id, issue_date, number, status, id) 
    values
        (?, ?, ?, ?, ?, default)
Hibernate: 
    select
        c1_0.id,
        c1_0.amount,
        c1_0.drawer_id,
        c1_0.issue_date,
        c1_0.number,
        c1_0.status 
    from
        cheque c1_0 
    where
        c1_0.id=?
Hibernate: 
    select
        a1_0.id,
        a1_0.balance,
        a1_0.status 
    from
        account a1_0 
    where
        a1_0.id=?
Hibernate: 
    update
        cheque 
    set
        amount=?,
        drawer_id=?,
        issue_date=?,
        number=?,
        status=? 
    where
        id=?
Hibernate: 
    update
        account 
    set
        balance=?,
        status=? 
    where
        id=?
]]></system-out>
  </testcase>
  <testcase name="bounce_then_block_after_three" classname="com.example.chequeprocessing.IntegrationTest" time="0.055">
    <failure message="expected: &lt;409 CONFLICT&gt; but was: &lt;403 FORBIDDEN&gt;" type="org.opentest4j.AssertionFailedError"><![CDATA[org.opentest4j.AssertionFailedError: expected: <409 CONFLICT> but was: <403 FORBIDDEN>
	at org.junit.jupiter.api.AssertionFailureBuilder.build(AssertionFailureBuilder.java:151)
	at org.junit.jupiter.api.AssertionFailureBuilder.buildAndThrow(AssertionFailureBuilder.java:132)
	at org.junit.jupiter.api.AssertEquals.failNotEqual(AssertEquals.java:197)
	at org.junit.jupiter.api.AssertEquals.assertEquals(AssertEquals.java:182)
	at org.junit.jupiter.api.AssertEquals.assertEquals(AssertEquals.java:177)
	at org.junit.jupiter.api.Assertions.assertEquals(Assertions.java:1145)
	at com.example.chequeprocessing.IntegrationTest.bounce_then_block_after_three(IntegrationTest.java:121)
	at java.base/java.lang.reflect.Method.invoke(Method.java:565)
	at java.base/java.util.ArrayList.forEach(ArrayList.java:1604)
	at java.base/java.util.ArrayList.forEach(ArrayList.java:1604)
]]></failure>
    <system-out><![CDATA[Hibernate: 
    select
        a1_0.id,
        a1_0.balance,
        a1_0.status 
    from
        account a1_0
Hibernate: 
    select
        a1_0.id,
        a1_0.balance,
        a1_0.status 
    from
        account a1_0 
    where
        a1_0.id=?
Hibernate: 
    select
        a1_0.id,
        a1_0.balance,
        a1_0.status 
    from
        account a1_0 
    where
        a1_0.id=?
Hibernate: 
    update
        account 
    set
        balance=?,
        status=? 
    where
        id=?
Hibernate: 
    select
        a1_0.id,
        a1_0.balance,
        a1_0.status 
    from
        account a1_0 
    where
        a1_0.id=?
Hibernate: 
    insert 
    into
        cheque
        (amount, drawer_id, issue_date, number, status, id) 
    values
        (?, ?, ?, ?, ?, default)
Hibernate: 
    select
        a1_0.id,
        a1_0.balance,
        a1_0.status 
    from
        account a1_0 
    where
        a1_0.id=?
Hibernate: 
    select
        a1_0.id,
        a1_0.balance,
        a1_0.status 
    from
        account a1_0 
    where
        a1_0.id=?
Hibernate: 
    update
        account 
    set
        balance=?,
        status=? 
    where
        id=?
Hibernate: 
    select
        c1_0.id,
        c1_0.amount,
        c1_0.drawer_id,
        c1_0.issue_date,
        c1_0.number,
        c1_0.status 
    from
        cheque c1_0 
    where
        c1_0.id=?
Hibernate: 
    select
        a1_0.id,
        a1_0.balance,
        a1_0.status 
    from
        account a1_0 
    where
        a1_0.id=?
Hibernate: 
    insert 
    into
        bounce_record
        (cheque_id, date, reason, id) 
    values
        (?, ?, ?, default)
Hibernate: 
    select
        count(br1_0.id) 
    from
        bounce_record br1_0 
    join
        cheque c1_0 
            on c1_0.id=br1_0.cheque_id 
    where
        c1_0.drawer_id=? 
        and br1_0.date>=?
Hibernate: 
    update
        cheque 
    set
        amount=?,
        drawer_id=?,
        issue_date=?,
        number=?,
        status=? 
    where
        id=?
]]></system-out>
  </testcase>
</testsuite>